<?xml version="1.0" encoding="UTF-8"?>
<!-- Generated by org.testng.reporters.JUnitXMLReporter -->
<testsuite ignored="0" hostname="DESKTOP-LLL16K7" failures="0" tests="4" name="Default test" time="9.225" errors="0" timestamp="2025-02-09T21:28:50 IST">
  <testcase classname="api.test.UserTests" name="testPostUser" time="4.38"/>
  <testcase classname="api.test.UserTests" name="testGetUserByName" time="1.525"/>
  <testcase classname="api.test.UserTests" name="testUpdateUserByName" time="1.454"/>
  <testcase classname="api.test.UserTests" name="testDeleteUserByName" time="1.459"/>
</testsuite> <!-- Default test -->
