<?xml version="1.0" encoding="UTF-8"?>
<!-- Generated by org.testng.reporters.JUnitXMLReporter -->
<testsuite ignored="0" hostname="DESKTOP-LLL16K7" failures="0" tests="20" name="PetTests" time="38.23" errors="0" timestamp="2025-02-09T22:08:37 IST">
  <testcase classname="api.test.UserTests" name="testPostUser" time="5.037"/>
  <testcase classname="api.test.UserTests" name="testGetUserByName" time="1.488"/>
  <testcase classname="api.test.UserTests" name="testUpdateUserByName" time="1.481"/>
  <testcase classname="api.test.UserTests" name="testDeleteUserByName" time="1.418"/>
  <testcase classname="api.test.DDTests" name="testPostUser" time="1.381"/>
  <testcase classname="api.test.DDTests" name="testPostUser" time="1.484"/>
  <testcase classname="api.test.DDTests" name="testPostUser" time="1.375"/>
  <testcase classname="api.test.DDTests" name="testPostUser" time="1.389"/>
  <testcase classname="api.test.DDTests" name="testGetUserByName" time="1.48"/>
  <testcase classname="api.test.DDTests" name="testGetUserByName" time="1.45"/>
  <testcase classname="api.test.DDTests" name="testGetUserByName" time="1.414"/>
  <testcase classname="api.test.DDTests" name="testGetUserByName" time="1.386"/>
  <testcase classname="api.test.DDTests" name="testUpdateUserByName" time="1.384"/>
  <testcase classname="api.test.DDTests" name="testUpdateUserByName" time="1.448"/>
  <testcase classname="api.test.DDTests" name="testUpdateUserByName" time="1.46"/>
  <testcase classname="api.test.DDTests" name="testUpdateUserByName" time="1.513"/>
  <testcase classname="api.test.DDTests" name="testDeleteUserByName" time="1.386"/>
  <testcase classname="api.test.DDTests" name="testDeleteUserByName" time="1.399"/>
  <testcase classname="api.test.DDTests" name="testDeleteUserByName" time="1.442"/>
  <testcase classname="api.test.DDTests" name="testDeleteUserByName" time="1.412"/>
</testsuite> <!-- PetTests -->
